[generate-mvp-demo] starting at 2026-05-10T21:30:07+00:00
[generate-mvp-demo] project: /home/eve/projects/nightly-mvps/2026-05-10-slide-builder
[generate-mvp-demo] extra args: --regen-scenes
type('textarea[placeholder="# Slide 1 title
Body here…

---

# Slide 2 title
- bullet
- bullet"]') failed: Locator.fill: Unsupported token "BADSTRING" while parsing css selector "textarea[placeholder="# Slide 1 title
Body here…

---

# Slide 2 title
- bullet
- bullet"]". Did you mean to CSS.escape it?
Call log:
  - waiting for textarea[placeholder="# Slide 1 title
Body here…

---

# Slide 2 title
- bullet
- bullet"] >> nth=0

{
  "project": "2026-05-10-slide-builder",
  "demo_path": "/home/eve/projects/nightly-mvps/2026-05-10-slide-builder/edit/demo.mp4",
  "shared_path": "/home/eve/workspaces/shared/images/mvp/2026-05-10-slide-builder/demo-20260510T213007.mp4",
  "demo_video_url": "https://mvp.trollefsen.com/media/mvp/2026-05-10-slide-builder/demo-20260510T213007.mp4",
  "stages": [
    "preflight",
    "auth_handshake",
    "plan",
    "script",
    "tts",
    "loudnorm",
    "walkthrough",
    "stuck_frame",
    "align",
    "assemble",
    "assertions",
    "output"
  ],
  "log_path": "/home/eve/projects/nightly-mvps/2026-05-10-slide-builder/edit/pipeline.log.json"
}
[generate-mvp-demo] orchestrator exit: 0 at 2026-05-10T21:32:16+00:00
[generate-mvp-demo] faststart applied to /home/eve/workspaces/shared/images/mvp/2026-05-10-slide-builder/demo-20260510T213007.mp4
DEMO_R2_OK url=https://clawdash.storage.trollefsen.com/mvp/2026-05-10-slide-builder/demo-20260510T213007.mp4
